{"name": "多个成员添加成功", "status": "broken", "statusDetails": {"message": "selenium.common.exceptions.TimeoutException: Message:", "trace": "self = <test_case.test_add_members_case.TestAddMembers object at 0x0000023DF0D3C408>\n\n    @allure.title(\"多个成员添加成功\")\n    def test_save_and_add_members(self):\n        \"\"\"保存并继续添加，添加多个成员用例\"\"\"\n        r = IndexPage().goto_address_book().goto_add_members().\\\n            goto_input_add()\n        # 循环3次添加3个成员\n        for i in range(1):\n>           r.save_and_add_members(self.data.get_name(),self.data.get_number())\n\ntest_case\\test_add_members_case.py:34: \n_ _ _ _ _ _ _ _ _ _ _ _ _ _ _ _ _ _ _ _ _ _ _ _ _ _ _ _ _ _ _ _ _ _ _ _ _ _ _ _ _ _ _ _ _ _ _ _ _ _ _ _ _ _ _ _ _ _ _ _ _ _ \npage_object\\input_add_page.py:34: in save_and_add_members\n    a = self.element_find(self.driver,self._get_toast)\ncommons\\base_page.py:40: in element_find\n    until(expected_conditions.element_to_be_clickable(location))\n_ _ _ _ _ _ _ _ _ _ _ _ _ _ _ _ _ _ _ _ _ _ _ _ _ _ _ _ _ _ _ _ _ _ _ _ _ _ _ _ _ _ _ _ _ _ _ _ _ _ _ _ _ _ _ _ _ _ _ _ _ _ \n\nself = <selenium.webdriver.support.wait.WebDriverWait (session=\"ec68c351-f97b-452f-9297-19d2216ba25e\")>\nmethod = <selenium.webdriver.support.expected_conditions.element_to_be_clickable object at 0x0000023DEFC2CA08>, message = ''\n\n    def until(self, method, message=''):\n        \"\"\"Calls the method provided with the driver as an argument until the \\\n        return value is not False.\"\"\"\n        screen = None\n        stacktrace = None\n    \n        end_time = time.time() + self._timeout\n        while True:\n            try:\n                value = method(self._driver)\n                if value:\n                    return value\n            except self._ignored_exceptions as exc:\n                screen = getattr(exc, 'screen', None)\n                stacktrace = getattr(exc, 'stacktrace', None)\n            time.sleep(self._poll)\n            if time.time() > end_time:\n                break\n>       raise TimeoutException(message, screen, stacktrace)\nE       selenium.common.exceptions.TimeoutException: Message:\n\nD:\\python37\\lib\\site-packages\\selenium\\webdriver\\support\\wait.py:80: TimeoutException"}, "description": "保存并继续添加，添加多个成员用例", "start": 1645543909087, "stop": 1645543940136, "uuid": "275aaa82-6eab-477b-b471-70037f4bc4e5", "historyId": "2466e6447c002094033d0c8db01aebae", "testCaseId": "562cb88f2eed21e52b827bd032bd0344", "fullName": "test_case.test_add_members_case.TestAddMembers#test_save_and_add_members", "labels": [{"name": "feature", "value": "添加成员用例"}, {"name": "parentSuite", "value": "test_case"}, {"name": "suite", "value": "test_add_members_case"}, {"name": "subSuite", "value": "TestAddMembers"}, {"name": "host", "value": "LAPTOP-1PG7S0AC"}, {"name": "thread", "value": "12140-MainThread"}, {"name": "framework", "value": "pytest"}, {"name": "language", "value": "cpython3"}, {"name": "package", "value": "test_case.test_add_members_case"}]}